<?xml version="1.0" encoding="UTF-8"?>
<testng-results skipped="0" failed="0" total="1" passed="1">
  <reporter-output>
  </reporter-output>
  <suite name="Surefire suite" duration-ms="292252" started-at="2018-04-25T19:34:31Z" finished-at="2018-04-25T19:39:24Z">
    <groups>
    </groups>
    <test name="Surefire test" duration-ms="292252" started-at="2018-04-25T19:34:31Z" finished-at="2018-04-25T19:39:24Z">
      <class name="Cucumber.Automation.AppTest">
        <test-method status="PASS" signature="testApp()[pri:0, instance:testApp(Cucumber.Automation.AppTest)]" name="testApp" duration-ms="5" started-at="2018-04-25T14:34:31Z" finished-at="2018-04-25T14:34:31Z">
          <reporter-output>
          </reporter-output>
        </test-method> <!-- testApp -->
      </class> <!-- Cucumber.Automation.AppTest -->
    </test> <!-- Surefire test -->
  </suite> <!-- Surefire suite -->
</testng-results>
